

/******************************************************************************************
* ReadStepFile diagnostics.
* Date:                           Fri May 09 10:39:44 2014
* Produced by:                    The EXPRESS Data Manager Version 5.01.0100.02.64mod : 6 Jun 2012
* Module:                         EDMstepFileFactory/EDMstandAlone
* Host:                           SPARCH22
* Database:                       C:\Users\ryan\AppData\Local\Temp\{7AA9E9DD-A4D0-45F7-A0FB-22E68FBA6698}\ifc
* Database version:               5507
* Database creation date:         Fri May 09 10:39:44 2014
* Model to populate:              DataRepository.ifcimport
* Header model to populate:       
* Step file name:                 Patricks.ifc
* EDMuser:                        sdai-user
* EDMgroup:                       sdai-group
* License ID and type:            5605 : Permanent license. Expiry date: 
* EDMstepFileFactory options:     010201000002
******************************************************************************************/


------------------------------------------------------------------------------------------------
 Operation terminated successfully.
------------------------------------------------------------------------------------------------

